[19:47:39] [ServerMain/INFO]: [bootstrap] Running Java 21 (Java HotSpot(TM) 64-Bit Server VM 21.0.8+12-LTS-250; Oracle Corporation null) on Windows 11 10.0 (amd64)
[19:47:39] [ServerMain/INFO]: [bootstrap] Loading Paper 1.21.8-60-main@29c8822 (2025-09-06T21:49:13Z) for Minecraft 1.21.8
[19:47:40] [ServerMain/WARN]: [oshi.driver.windows.perfmon.PerfmonDisabled] Invalid registry value type detected for PerfOS counters. Should be REG_DWORD. Ignoring: HKEY_LOCAL_MACHINE\SYSTEM\CurrentControlSet\Services\PerfOS\Performance\Disable Performance Counters.
[19:47:44] [ServerMain/INFO]: [PluginInitializerManager] Initializing plugins...
[19:47:44] [Paper Plugin Remapper Thread - 2/INFO]: [PluginRemapper] Remapping plugin 'C:\Users\rooki\Documents\GitHub\Itokagimaru_daw\itokagimaru_daw\build\libs\itokagimaru_daw-1.0-SNAPSHOT.jar'...
[19:47:45] [Paper Plugin Remapper Thread - 2/INFO]: [PluginRemapper] Done remapping plugin 'C:\Users\rooki\Documents\GitHub\Itokagimaru_daw\itokagimaru_daw\build\libs\itokagimaru_daw-1.0-SNAPSHOT.jar' in 978ms.
[19:47:46] [ServerMain/INFO]: [PluginInitializerManager] Initialized 1 plugin
[19:47:46] [ServerMain/INFO]: [PluginInitializerManager] Bukkit plugins (1):
 - itokagimaru_daw (1.0-SNAPSHOT)
[19:47:56] [ServerMain/INFO]: Environment: Environment[sessionHost=https://sessionserver.mojang.com, servicesHost=https://api.minecraftservices.com, name=PROD]
[19:47:58] [ServerMain/INFO]: Loaded 1407 recipes
[19:47:58] [ServerMain/INFO]: Loaded 1520 advancements
[19:47:58] [ServerMain/INFO]: [ca.spottedleaf.dataconverter.minecraft.datatypes.MCTypeRegistry] Initialising converters for DataConverter...
[19:47:59] [ServerMain/INFO]: [ca.spottedleaf.dataconverter.minecraft.datatypes.MCTypeRegistry] Finished initialising converters for DataConverter in 570.8ms
[19:47:59] [Server thread/INFO]: Starting minecraft server version 1.21.8
[19:47:59] [Server thread/INFO]: Loading properties
[19:47:59] [Server thread/INFO]: This server is running Paper version 1.21.8-60-main@29c8822 (2025-09-06T21:49:13Z) (Implementing API version 1.21.8-R0.1-SNAPSHOT)
[19:47:59] [Server thread/INFO]: [spark] This server bundles the spark profiler. For more information please visit https://docs.papermc.io/paper/profiling
[19:47:59] [Server thread/INFO]: Server Ping Player Sample Count: 12
[19:47:59] [Server thread/INFO]: Using 4 threads for Netty based IO
[19:48:00] [Server thread/INFO]: [MoonriseCommon] Paper is using 3 worker threads, 1 I/O threads
[19:48:00] [Server thread/INFO]: [ChunkTaskScheduler] Chunk system is using population gen parallelism: true
[19:48:01] [Server thread/INFO]: Default game type: SURVIVAL
[19:48:01] [Server thread/INFO]: Generating keypair
[19:48:01] [Server thread/INFO]: Starting Minecraft server on *:25565
[19:48:01] [Server thread/INFO]: Using default channel type
[19:48:01] [Server thread/INFO]: Paper: Using Java compression from Velocity.
[19:48:01] [Server thread/INFO]: Paper: Using Java cipher from Velocity.
[19:48:01] [Server thread/INFO]: [itokagimaru_daw] Loading server plugin itokagimaru_daw v1.0-SNAPSHOT
[19:48:01] [Server thread/INFO]: Server permissions file permissions.yml is empty, ignoring it
[19:48:01] [Server thread/INFO]: Preparing level "world"
[19:48:02] [Server thread/INFO]: Preparing start region for dimension minecraft:overworld
[19:48:02] [Server thread/INFO]: Preparing spawn area: 0%
[19:48:02] [Server thread/INFO]: Preparing spawn area: 14%
[19:48:03] [Server thread/INFO]: Preparing spawn area: 28%
[19:48:03] [Server thread/INFO]: Time elapsed: 1188 ms
[19:48:03] [Server thread/INFO]: Preparing start region for dimension minecraft:the_nether
[19:48:03] [Server thread/INFO]: Preparing spawn area: 0%
[19:48:03] [Server thread/INFO]: Time elapsed: 162 ms
[19:48:03] [Server thread/INFO]: Preparing start region for dimension minecraft:the_end
[19:48:03] [Server thread/INFO]: Preparing spawn area: 0%
[19:48:03] [Server thread/INFO]: Time elapsed: 128 ms
[19:48:03] [Server thread/INFO]: [itokagimaru_daw] Enabling itokagimaru_daw v1.0-SNAPSHOT
[19:48:03] [Server thread/INFO]: [itokagimaru_daw] music save success: {ce54c9f5-c3fb-496e-a362-9c910ff72403=[I@20418468}
[19:48:04] [Server thread/INFO]: [spark] Starting background profiler...
[19:48:04] [Server thread/INFO]: [spark] The async-profiler engine is not supported for your os/arch (windows11/amd64), so the built-in Java engine will be used instead.
[19:48:04] [Server thread/INFO]: Done preparing level "world" (2.593s)
[19:48:04] [Server thread/INFO]: Running delayed init tasks
[19:48:04] [Server thread/INFO]: Done (26.622s)! For help, type "help"
[19:48:41] [Server thread/INFO]: Stopping the server
[19:48:41] [Server thread/INFO]: Stopping server
[19:48:41] [Server thread/INFO]: [itokagimaru_daw] Disabling itokagimaru_daw v1.0-SNAPSHOT
[19:48:41] [Server thread/INFO]: [itokagimaru_daw] music save success.
[19:48:41] [Server thread/INFO]: Saving players
[19:48:42] [Server thread/INFO]: Saving worlds
[19:48:42] [Server thread/INFO]: Saving chunks for level 'ServerLevel[world]'/minecraft:overworld
[19:48:42] [Server thread/INFO]: [ChunkHolderManager] Waiting 60s for chunk system to halt for world 'world'
[19:48:42] [Server thread/INFO]: [ChunkHolderManager] Halted chunk system for world 'world'
[19:48:42] [Server thread/INFO]: [ChunkHolderManager] Saving all chunkholders for world 'world'
[19:48:42] [Server thread/INFO]: [ChunkHolderManager] Saved 49 block chunks, 49 entity chunks, 0 poi chunks in world 'world' in 0.37s
[19:48:42] [Server thread/INFO]: [ChunkHolderManager] Waiting 60s for chunk I/O to halt for world 'world'
[19:48:42] [Server thread/INFO]: [ChunkHolderManager] Halted I/O scheduler for world 'world'
[19:48:42] [Server thread/INFO]: Saving chunks for level 'ServerLevel[world_nether]'/minecraft:the_nether
[19:48:42] [Server thread/INFO]: [ChunkHolderManager] Waiting 60s for chunk system to halt for world 'world_nether'
[19:48:42] [Server thread/INFO]: [ChunkHolderManager] Halted chunk system for world 'world_nether'
[19:48:42] [Server thread/INFO]: [ChunkHolderManager] Saving all chunkholders for world 'world_nether'
[19:48:42] [Server thread/INFO]: [ChunkHolderManager] Saved 49 block chunks, 49 entity chunks, 0 poi chunks in world 'world_nether' in 0.15s
[19:48:42] [Server thread/INFO]: [ChunkHolderManager] Waiting 60s for chunk I/O to halt for world 'world_nether'
[19:48:42] [Server thread/INFO]: [ChunkHolderManager] Halted I/O scheduler for world 'world_nether'
[19:48:42] [Server thread/INFO]: Saving chunks for level 'ServerLevel[world_the_end]'/minecraft:the_end
[19:48:42] [Server thread/INFO]: [ChunkHolderManager] Waiting 60s for chunk system to halt for world 'world_the_end'
[19:48:42] [Server thread/INFO]: [ChunkHolderManager] Halted chunk system for world 'world_the_end'
[19:48:42] [Server thread/INFO]: [ChunkHolderManager] Saving all chunkholders for world 'world_the_end'
[19:48:42] [Server thread/INFO]: [ChunkHolderManager] Saved 49 block chunks, 49 entity chunks, 0 poi chunks in world 'world_the_end' in 0.08s
[19:48:42] [Server thread/INFO]: [ChunkHolderManager] Waiting 60s for chunk I/O to halt for world 'world_the_end'
[19:48:42] [Server thread/INFO]: [ChunkHolderManager] Halted I/O scheduler for world 'world_the_end'
[19:48:42] [Server thread/INFO]: ThreadedAnvilChunkStorage (world): All chunks are saved
[19:48:42] [Server thread/INFO]: ThreadedAnvilChunkStorage (DIM-1): All chunks are saved
[19:48:42] [Server thread/INFO]: ThreadedAnvilChunkStorage (DIM1): All chunks are saved
[19:48:42] [Server thread/INFO]: ThreadedAnvilChunkStorage: All dimensions are saved
[19:48:42] [Server thread/INFO]: Waiting for all RegionFile I/O tasks to complete...
[19:48:42] [Server thread/INFO]: All RegionFile I/O tasks to complete
[19:48:42] [Server thread/INFO]: [MoonriseCommon] Awaiting termination of worker pool for up to 60s...
[19:48:42] [Server thread/INFO]: [MoonriseCommon] Awaiting termination of I/O pool for up to 60s...
